AutoAttendanceFinal/app/build/intermediates/manifest_merge_blame_file/debug/manifest-merger-blame-debug-report.txt
1<?xml version="1.0" encoding="utf-8"?>
2<manifest xmlns:android="http://schemas.android.com/apk/res/android"
3    package="com.rcoe.autoattendance"
4    android:versionCode="1"
5    android:versionName="1.0" >
6
7    <uses-sdk
8        android:minSdkVersion="21"
8-->src\main\AndroidManifest.xml
9        android:targetSdkVersion="26" />
9-->src\main\AndroidManifest.xml
10
11    <uses-permission android:name="android.permission.INTERNET" />
11-->src\main\AndroidManifest.xml:5:5-67
11-->src\main\AndroidManifest.xml:5:22-64
12    <uses-permission android:name="android.permission.ACCESS_NETWORK_STATE" />
12-->src\main\AndroidManifest.xml:6:5-79
12-->src\main\AndroidManifest.xml:6:22-76
13    <uses-permission android:name="android.permission.ACCESS_WIFI_STATE" />
13-->src\main\AndroidManifest.xml:7:5-75
13-->src\main\AndroidManifest.xml:7:22-73
14    <uses-permission android:name="android.permission.CHANGE_WIFI_STATE" />
14-->src\main\AndroidManifest.xml:8:5-75
14-->src\main\AndroidManifest.xml:8:22-73
15    <uses-permission android:name="android.permission.ACCESS_FINE_LOCATION" />
15-->src\main\AndroidManifest.xml:9:5-79
15-->src\main\AndroidManifest.xml:9:22-76
16
17    <uses-feature
17-->src\main\AndroidManifest.xml:11:5-13:35
18        android:name="android.hardware.camera"
18-->src\main\AndroidManifest.xml:12:9-47
19        android:required="true" />
19-->src\main\AndroidManifest.xml:13:9-32
20
21    <uses-permission android:name="android.permission.CAMERA" />
21-->src\main\AndroidManifest.xml:15:5-65
21-->src\main\AndroidManifest.xml:15:22-62
22
23    <uses-feature android:name="android.hardware.camera.autofocus" />
23-->src\main\AndroidManifest.xml:17:5-70
23-->src\main\AndroidManifest.xml:17:19-67
24
25    <uses-permission android:name="android.permission.WRITE_EXTERNAL_STORAGE" />
25-->src\main\AndroidManifest.xml:19:5-81
25-->src\main\AndroidManifest.xml:19:22-78
26    <uses-permission android:name="android.permission.READ_EXTERNAL_STORAGE" />
26-->src\main\AndroidManifest.xml:20:5-80
26-->src\main\AndroidManifest.xml:20:22-77
27
28    <uses-feature
28-->[com.journeyapps:zxing-android-embedded:3.2.0] AndroidManifest.xml:27:5-29:36
29        android:name="android.hardware.camera.front"
29-->[com.journeyapps:zxing-android-embedded:3.2.0] AndroidManifest.xml:28:9-53
30        android:required="false" />
30-->[com.journeyapps:zxing-android-embedded:3.2.0] AndroidManifest.xml:29:9-33
31    <uses-feature
31-->[com.journeyapps:zxing-android-embedded:3.2.0] AndroidManifest.xml:35:5-37:36
32        android:name="android.hardware.camera.flash"
32-->[com.journeyapps:zxing-android-embedded:3.2.0] AndroidManifest.xml:36:9-53
33        android:required="false" />
33-->[com.journeyapps:zxing-android-embedded:3.2.0] AndroidManifest.xml:37:9-33
34    <uses-feature
34-->[com.journeyapps:zxing-android-embedded:3.2.0] AndroidManifest.xml:38:5-40:36
35        android:name="android.hardware.screen.landscape"
35-->[com.journeyapps:zxing-android-embedded:3.2.0] AndroidManifest.xml:39:9-57
36        android:required="false" />
36-->[com.journeyapps:zxing-android-embedded:3.2.0] AndroidManifest.xml:40:9-33
37    <uses-feature
37-->[com.journeyapps:zxing-android-embedded:3.2.0] AndroidManifest.xml:41:5-43:36
38        android:name="android.hardware.wifi"
38-->[com.journeyapps:zxing-android-embedded:3.2.0] AndroidManifest.xml:42:9-45
39        android:required="false" /> <!-- Optional permission for Analytics to run. -->
39-->[com.journeyapps:zxing-android-embedded:3.2.0] AndroidManifest.xml:43:9-33
40    <uses-permission android:name="android.permission.WAKE_LOCK" /> <!-- Required by older versions of Google Play services to create GCM registration tokens -->
40-->[com.google.android.gms:play-services-analytics:12.0.1] AndroidManifest.xml:27:5-68
40-->[com.google.android.gms:play-services-analytics:12.0.1] AndroidManifest.xml:27:22-65
41    <uses-permission android:name="com.google.android.c2dm.permission.RECEIVE" />
41-->[com.google.android.gms:play-services-gcm:12.0.1] AndroidManifest.xml:23:5-82
41-->[com.google.android.gms:play-services-gcm:12.0.1] AndroidManifest.xml:23:22-79
42
43    <uses-feature
43-->[com.google.android.gms:play-services-maps:12.0.1] AndroidManifest.xml:26:5-28:35
44        android:glEsVersion="0x00020000"
44-->[com.google.android.gms:play-services-maps:12.0.1] AndroidManifest.xml:27:9-41
45        android:required="true" />
45-->[com.google.android.gms:play-services-maps:12.0.1] AndroidManifest.xml:28:9-32
46
47    <permission
47-->[com.google.firebase:firebase-iid:12.0.1] AndroidManifest.xml:28:5-30:47
48        android:name="com.rcoe.autoattendance.permission.C2D_MESSAGE"
48-->[com.google.firebase:firebase-iid:12.0.1] AndroidManifest.xml:29:9-63
49        android:protectionLevel="signature" />
49-->[com.google.firebase:firebase-iid:12.0.1] AndroidManifest.xml:30:9-44
50
51    <uses-permission android:name="com.rcoe.autoattendance.permission.C2D_MESSAGE" />
51-->[com.google.firebase:firebase-iid:12.0.1] AndroidManifest.xml:32:5-79
51-->[com.google.firebase:firebase-iid:12.0.1] AndroidManifest.xml:32:22-76
52
53    <application
53-->src\main\AndroidManifest.xml:22:5-47:19
54        android:allowBackup="true"
54-->src\main\AndroidManifest.xml:23:9-35
55        android:debuggable="true"
56        android:hardwareAccelerated="true"
56-->src\main\AndroidManifest.xml:24:9-43
57        android:icon="@mipmap/trial"
57-->src\main\AndroidManifest.xml:25:9-37
58        android:label="AutoAttendance"
58-->src\main\AndroidManifest.xml:26:9-39
59        android:roundIcon="@mipmap/trial_round"
59-->src\main\AndroidManifest.xml:27:9-48
60        android:supportsRtl="true"
60-->src\main\AndroidManifest.xml:28:9-35
61        android:testOnly="true"
62        android:theme="@style/AppTheme" >
62-->src\main\AndroidManifest.xml:29:9-40
63        <activity android:name="com.rcoe.autoattendance.student" />
63-->src\main\AndroidManifest.xml:30:9-54
63-->src\main\AndroidManifest.xml:30:19-42
64        <activity android:name="com.rcoe.autoattendance.student_form" />
64-->src\main\AndroidManifest.xml:31:9-50
64-->src\main\AndroidManifest.xml:31:19-47
65        <activity android:name="com.rcoe.autoattendance.faculty_form" />
65-->src\main\AndroidManifest.xml:32:9-50
65-->src\main\AndroidManifest.xml:32:19-47
66        <activity android:name="com.rcoe.autoattendance.faculty" />
66-->src\main\AndroidManifest.xml:33:9-45
66-->src\main\AndroidManifest.xml:33:19-42
67
68        <meta-data
68-->src\main\AndroidManifest.xml:35:9-37:39
69            android:name="com.google.android.gms.vision.DEPENDENCIES"
69-->src\main\AndroidManifest.xml:36:13-70
70            android:value="barcode" />
70-->src\main\AndroidManifest.xml:37:13-36
71
72        <activity android:name="com.rcoe.autoattendance.camera" />
72-->src\main\AndroidManifest.xml:39:9-44
72-->src\main\AndroidManifest.xml:39:19-41
73        <activity android:name="com.rcoe.autoattendance.MainActivity" >
73-->src\main\AndroidManifest.xml:40:9-46:20
73-->src\main\AndroidManifest.xml:40:19-47
74            <intent-filter>
74-->src\main\AndroidManifest.xml:41:13-45:29
75                <action android:name="android.intent.action.MAIN" />
75-->src\main\AndroidManifest.xml:42:17-69
75-->src\main\AndroidManifest.xml:42:25-66
76
77                <category android:name="android.intent.category.LAUNCHER" />
77-->src\main\AndroidManifest.xml:44:17-77
77-->src\main\AndroidManifest.xml:44:27-74
78            </intent-filter>
79        </activity>
80
81        <meta-data
81-->[com.android.support:design:26.1.0] AndroidManifest.xml:26:9-28:38
82            android:name="android.support.VERSION"
82-->[com.android.support:design:26.1.0] AndroidManifest.xml:27:13-51
83            android:value="26.1.0" />
83-->[com.android.support:design:26.1.0] AndroidManifest.xml:28:13-35
84
85        <receiver android:name="com.google.android.gms.cast.framework.media.MediaIntentReceiver" />
85-->[com.google.android.gms:play-services-cast-framework:12.0.1] AndroidManifest.xml:8:9-100
85-->[com.google.android.gms:play-services-cast-framework:12.0.1] AndroidManifest.xml:8:19-97
86
87        <service android:name="com.google.android.gms.cast.framework.media.MediaNotificationService" />
87-->[com.google.android.gms:play-services-cast-framework:12.0.1] AndroidManifest.xml:10:9-104
87-->[com.google.android.gms:play-services-cast-framework:12.0.1] AndroidManifest.xml:10:18-101
88        <service android:name="com.google.android.gms.cast.framework.ReconnectionService" />
88-->[com.google.android.gms:play-services-cast-framework:12.0.1] AndroidManifest.xml:11:9-93
88-->[com.google.android.gms:play-services-cast-framework:12.0.1] AndroidManifest.xml:11:18-90
89
90        <activity
90-->[com.journeyapps:zxing-android-embedded:3.2.0] AndroidManifest.xml:46:9-52:63
91            android:name="com.journeyapps.barcodescanner.CaptureActivity"
91-->[com.journeyapps:zxing-android-embedded:3.2.0] AndroidManifest.xml:47:13-74
92            android:clearTaskOnLaunch="true"
92-->[com.journeyapps:zxing-android-embedded:3.2.0] AndroidManifest.xml:48:13-45
93            android:screenOrientation="sensorLandscape"
93-->[com.journeyapps:zxing-android-embedded:3.2.0] AndroidManifest.xml:49:13-56
94            android:stateNotNeeded="true"
94-->[com.journeyapps:zxing-android-embedded:3.2.0] AndroidManifest.xml:50:13-42
95            android:theme="@style/zxing_CaptureTheme"
95-->[com.journeyapps:zxing-android-embedded:3.2.0] AndroidManifest.xml:51:13-54
96            android:windowSoftInputMode="stateAlwaysHidden" /> <!-- Include the AdActivity and InAppPurchaseActivity configChanges and themes. -->
96-->[com.journeyapps:zxing-android-embedded:3.2.0] AndroidManifest.xml:52:13-60
97        <activity
97-->[com.google.android.gms:play-services-ads-lite:12.0.1] AndroidManifest.xml:29:9-33:64
98            android:name="com.google.android.gms.ads.AdActivity"
98-->[com.google.android.gms:play-services-ads-lite:12.0.1] AndroidManifest.xml:30:13-65
99            android:configChanges="keyboard|keyboardHidden|orientation|screenLayout|uiMode|screenSize|smallestScreenSize"
99-->[com.google.android.gms:play-services-ads-lite:12.0.1] AndroidManifest.xml:31:13-122
100            android:exported="false"
100-->[com.google.android.gms:play-services-ads-lite:12.0.1] AndroidManifest.xml:32:13-37
101            android:theme="@android:style/Theme.Translucent" />
101-->[com.google.android.gms:play-services-ads-lite:12.0.1] AndroidManifest.xml:33:13-61
102
103        <receiver
103-->[com.google.android.gms:play-services-analytics:12.0.1] AndroidManifest.xml:30:9-34:20
104            android:name="com.google.android.gms.analytics.AnalyticsReceiver"
104-->[com.google.android.gms:play-services-analytics:12.0.1] AndroidManifest.xml:31:13-78
105            android:enabled="true"
105-->[com.google.android.gms:play-services-analytics:12.0.1] AndroidManifest.xml:32:13-35
106            android:exported="false" >
106-->[com.google.android.gms:play-services-analytics:12.0.1] AndroidManifest.xml:33:13-37
107        </receiver>
108
109        <service
109-->[com.google.android.gms:play-services-analytics:12.0.1] AndroidManifest.xml:36:9-39:40
110            android:name="com.google.android.gms.analytics.AnalyticsService"
110-->[com.google.android.gms:play-services-analytics:12.0.1] AndroidManifest.xml:37:13-77
111            android:enabled="true"
111-->[com.google.android.gms:play-services-analytics:12.0.1] AndroidManifest.xml:38:13-35
112            android:exported="false" />
112-->[com.google.android.gms:play-services-analytics:12.0.1] AndroidManifest.xml:39:13-37
113        <service
113-->[com.google.android.gms:play-services-analytics:12.0.1] AndroidManifest.xml:40:9-44:72
114            android:name="com.google.android.gms.analytics.AnalyticsJobService"
114-->[com.google.android.gms:play-services-analytics:12.0.1] AndroidManifest.xml:41:13-80
115            android:enabled="true"
115-->[com.google.android.gms:play-services-analytics:12.0.1] AndroidManifest.xml:42:13-35
116            android:exported="false"
116-->[com.google.android.gms:play-services-analytics:12.0.1] AndroidManifest.xml:43:13-37
117            android:permission="android.permission.BIND_JOB_SERVICE" />
117-->[com.google.android.gms:play-services-analytics:12.0.1] AndroidManifest.xml:44:13-69
118
119        <activity
119-->[com.google.android.gms:play-services-appinvite:12.0.1] AndroidManifest.xml:25:9-34:20
120            android:name="com.google.android.gms.appinvite.PreviewActivity"
120-->[com.google.android.gms:play-services-appinvite:12.0.1] AndroidManifest.xml:26:13-76
121            android:exported="true"
121-->[com.google.android.gms:play-services-appinvite:12.0.1] AndroidManifest.xml:27:13-36
122            android:theme="@style/Theme.AppInvite.Preview" >
122-->[com.google.android.gms:play-services-appinvite:12.0.1] AndroidManifest.xml:28:13-59
123            <intent-filter>
123-->[com.google.android.gms:play-services-appinvite:12.0.1] AndroidManifest.xml:29:13-33:29
124                <action android:name="com.google.android.gms.appinvite.ACTION_PREVIEW" />
124-->[com.google.android.gms:play-services-appinvite:12.0.1] AndroidManifest.xml:30:17-90
124-->[com.google.android.gms:play-services-appinvite:12.0.1] AndroidManifest.xml:30:25-87
125
126                <category android:name="android.intent.category.DEFAULT" />
126-->[com.google.android.gms:play-services-appinvite:12.0.1] AndroidManifest.xml:32:17-76
126-->[com.google.android.gms:play-services-appinvite:12.0.1] AndroidManifest.xml:32:27-73
127            </intent-filter>
128        </activity>
129        <activity
129-->[com.google.android.gms:play-services-auth:12.0.1] AndroidManifest.xml:23:9-27:75
130            android:name="com.google.android.gms.auth.api.signin.internal.SignInHubActivity"
130-->[com.google.android.gms:play-services-auth:12.0.1] AndroidManifest.xml:24:13-93
131            android:excludeFromRecents="true"
131-->[com.google.android.gms:play-services-auth:12.0.1] AndroidManifest.xml:25:13-46
132            android:exported="false"
132-->[com.google.android.gms:play-services-auth:12.0.1] AndroidManifest.xml:26:13-37
133            android:theme="@android:style/Theme.Translucent.NoTitleBar" />
133-->[com.google.android.gms:play-services-auth:12.0.1] AndroidManifest.xml:27:13-72
134        <!--
135            Service handling Google Sign-In user revocation. For apps that do not integrate with
136            Google Sign-In, this service will never be started.
137        -->
138        <service
138-->[com.google.android.gms:play-services-auth:12.0.1] AndroidManifest.xml:33:9-36:110
139            android:name="com.google.android.gms.auth.api.signin.RevocationBoundService"
139-->[com.google.android.gms:play-services-auth:12.0.1] AndroidManifest.xml:34:13-89
140            android:exported="true"
140-->[com.google.android.gms:play-services-auth:12.0.1] AndroidManifest.xml:35:13-36
141            android:permission="com.google.android.gms.auth.api.signin.permission.REVOCATION_NOTIFICATION" />
141-->[com.google.android.gms:play-services-auth:12.0.1] AndroidManifest.xml:36:13-107
142
143        <activity
143-->[com.google.firebase:firebase-auth:12.0.1] AndroidManifest.xml:23:9-29:75
144            android:name="com.google.firebase.auth.internal.FederatedSignInActivity"
144-->[com.google.firebase:firebase-auth:12.0.1] AndroidManifest.xml:24:13-85
145            android:excludeFromRecents="true"
145-->[com.google.firebase:firebase-auth:12.0.1] AndroidManifest.xml:25:13-46
146            android:exported="true"
146-->[com.google.firebase:firebase-auth:12.0.1] AndroidManifest.xml:26:13-36
147            android:launchMode="singleInstance"
147-->[com.google.firebase:firebase-auth:12.0.1] AndroidManifest.xml:27:13-48
148            android:permission="com.google.firebase.auth.api.gms.permission.LAUNCH_FEDERATED_SIGN_IN"
148-->[com.google.firebase:firebase-auth:12.0.1] AndroidManifest.xml:28:13-102
149            android:theme="@android:style/Theme.Translucent.NoTitleBar" />
149-->[com.google.firebase:firebase-auth:12.0.1] AndroidManifest.xml:29:13-72
150        <activity
150-->[com.google.android.gms:play-services-base:12.0.1] AndroidManifest.xml:23:9-26:75
151            android:name="com.google.android.gms.common.api.GoogleApiActivity"
151-->[com.google.android.gms:play-services-base:12.0.1] AndroidManifest.xml:24:13-79
152            android:exported="false"
152-->[com.google.android.gms:play-services-base:12.0.1] AndroidManifest.xml:25:13-37
153            android:theme="@android:style/Theme.Translucent.NoTitleBar" />
153-->[com.google.android.gms:play-services-base:12.0.1] AndroidManifest.xml:26:13-72
154        <!--
155             FirebaseMessagingService performs security checks at runtime,
156             no need for explicit permissions despite exported="true"
157        -->
158        <service
158-->[com.google.firebase:firebase-messaging:12.0.1] AndroidManifest.xml:28:9-34:19
159            android:name="com.google.firebase.messaging.FirebaseMessagingService"
159-->[com.google.firebase:firebase-messaging:12.0.1] AndroidManifest.xml:29:13-82
160            android:exported="true" >
160-->[com.google.firebase:firebase-messaging:12.0.1] AndroidManifest.xml:30:13-36
161            <intent-filter android:priority="-500" >
161-->[com.google.firebase:firebase-messaging:12.0.1] AndroidManifest.xml:31:13-33:29
161-->[com.google.firebase:firebase-messaging:12.0.1] AndroidManifest.xml:31:28-51
162                <action android:name="com.google.firebase.MESSAGING_EVENT" />
162-->[com.google.firebase:firebase-messaging:12.0.1] AndroidManifest.xml:32:17-78
162-->[com.google.firebase:firebase-messaging:12.0.1] AndroidManifest.xml:32:25-75
163            </intent-filter>
164        </service>
165        <service
165-->[com.google.android.gms:play-services-tagmanager-api:12.0.1] AndroidManifest.xml:27:9-30:40
166            android:name="com.google.android.gms.tagmanager.TagManagerService"
166-->[com.google.android.gms:play-services-tagmanager-api:12.0.1] AndroidManifest.xml:28:13-79
167            android:enabled="true"
167-->[com.google.android.gms:play-services-tagmanager-api:12.0.1] AndroidManifest.xml:29:13-35
168            android:exported="false" />
168-->[com.google.android.gms:play-services-tagmanager-api:12.0.1] AndroidManifest.xml:30:13-37
169
170        <activity
170-->[com.google.android.gms:play-services-tagmanager-api:12.0.1] AndroidManifest.xml:32:9-44:20
171            android:name="com.google.android.gms.tagmanager.TagManagerPreviewActivity"
171-->[com.google.android.gms:play-services-tagmanager-api:12.0.1] AndroidManifest.xml:33:13-87
172            android:exported="true"
172-->[com.google.android.gms:play-services-tagmanager-api:12.0.1] AndroidManifest.xml:34:13-36
173            android:noHistory="true" > <!-- optional, removes the previewActivity from the activity stack. -->
173-->[com.google.android.gms:play-services-tagmanager-api:12.0.1] AndroidManifest.xml:35:13-37
174            <intent-filter>
174-->[com.google.android.gms:play-services-tagmanager-api:12.0.1] AndroidManifest.xml:36:13-43:29
175                <data android:scheme="tagmanager.c.com.rcoe.autoattendance" />
175-->[com.google.android.gms:play-services-tagmanager-api:12.0.1] AndroidManifest.xml:37:17-72
175-->[com.google.android.gms:play-services-tagmanager-api:12.0.1] AndroidManifest.xml:37:23-69
176
177                <action android:name="android.intent.action.VIEW" />
177-->[com.google.android.gms:play-services-tagmanager-api:12.0.1] AndroidManifest.xml:39:17-69
177-->[com.google.android.gms:play-services-tagmanager-api:12.0.1] AndroidManifest.xml:39:25-66
178
179                <category android:name="android.intent.category.DEFAULT" />
179-->[com.google.android.gms:play-services-appinvite:12.0.1] AndroidManifest.xml:32:17-76
179-->[com.google.android.gms:play-services-appinvite:12.0.1] AndroidManifest.xml:32:27-73
180                <category android:name="android.intent.category.BROWSABLE" />
180-->[com.google.android.gms:play-services-tagmanager-api:12.0.1] AndroidManifest.xml:42:17-78
180-->[com.google.android.gms:play-services-tagmanager-api:12.0.1] AndroidManifest.xml:42:27-75
181            </intent-filter>
182        </activity>
183
184        <receiver
184-->[com.google.firebase:firebase-analytics:12.0.1] AndroidManifest.xml:28:9-32:20
185            android:name="com.google.android.gms.measurement.AppMeasurementReceiver"
185-->[com.google.firebase:firebase-analytics:12.0.1] AndroidManifest.xml:29:13-85
186            android:enabled="true"
186-->[com.google.firebase:firebase-analytics:12.0.1] AndroidManifest.xml:30:13-35
187            android:exported="false" >
187-->[com.google.firebase:firebase-analytics:12.0.1] AndroidManifest.xml:31:13-37
188        </receiver>
189        <receiver
189-->[com.google.firebase:firebase-analytics:12.0.1] AndroidManifest.xml:33:9-41:20
190            android:name="com.google.android.gms.measurement.AppMeasurementInstallReferrerReceiver"
190-->[com.google.firebase:firebase-analytics:12.0.1] AndroidManifest.xml:34:13-100
191            android:enabled="true"
191-->[com.google.firebase:firebase-analytics:12.0.1] AndroidManifest.xml:35:13-35
192            android:exported="true"
192-->[com.google.firebase:firebase-analytics:12.0.1] AndroidManifest.xml:36:13-36
193            android:permission="android.permission.INSTALL_PACKAGES" >
193-->[com.google.firebase:firebase-analytics:12.0.1] AndroidManifest.xml:37:13-69
194            <intent-filter>
194-->[com.google.firebase:firebase-analytics:12.0.1] AndroidManifest.xml:38:13-40:29
195                <action android:name="com.android.vending.INSTALL_REFERRER" />
195-->[com.google.firebase:firebase-analytics:12.0.1] AndroidManifest.xml:39:17-79
195-->[com.google.firebase:firebase-analytics:12.0.1] AndroidManifest.xml:39:25-76
196            </intent-filter>
197        </receiver>
198
199        <service
199-->[com.google.firebase:firebase-analytics:12.0.1] AndroidManifest.xml:43:9-46:40
200            android:name="com.google.android.gms.measurement.AppMeasurementService"
200-->[com.google.firebase:firebase-analytics:12.0.1] AndroidManifest.xml:44:13-84
201            android:enabled="true"
201-->[com.google.firebase:firebase-analytics:12.0.1] AndroidManifest.xml:45:13-35
202            android:exported="false" />
202-->[com.google.firebase:firebase-analytics:12.0.1] AndroidManifest.xml:46:13-37
203        <service
203-->[com.google.firebase:firebase-analytics:12.0.1] AndroidManifest.xml:47:9-51:72
204            android:name="com.google.android.gms.measurement.AppMeasurementJobService"
204-->[com.google.firebase:firebase-analytics:12.0.1] AndroidManifest.xml:48:13-87
205            android:enabled="true"
205-->[com.google.firebase:firebase-analytics:12.0.1] AndroidManifest.xml:49:13-35
206            android:exported="false"
206-->[com.google.firebase:firebase-analytics:12.0.1] AndroidManifest.xml:50:13-37
207            android:permission="android.permission.BIND_JOB_SERVICE" />
207-->[com.google.firebase:firebase-analytics:12.0.1] AndroidManifest.xml:51:13-69
208
209        <receiver
209-->[com.google.firebase:firebase-iid:12.0.1] AndroidManifest.xml:35:9-44:20
210            android:name="com.google.firebase.iid.FirebaseInstanceIdReceiver"
210-->[com.google.firebase:firebase-iid:12.0.1] AndroidManifest.xml:36:13-78
211            android:exported="true"
211-->[com.google.firebase:firebase-iid:12.0.1] AndroidManifest.xml:37:13-36
212            android:permission="com.google.android.c2dm.permission.SEND" >
212-->[com.google.firebase:firebase-iid:12.0.1] AndroidManifest.xml:38:13-73
213            <intent-filter>
213-->[com.google.firebase:firebase-iid:12.0.1] AndroidManifest.xml:39:13-43:29
214                <action android:name="com.google.android.c2dm.intent.RECEIVE" />
214-->[com.google.firebase:firebase-iid:12.0.1] AndroidManifest.xml:40:17-81
214-->[com.google.firebase:firebase-iid:12.0.1] AndroidManifest.xml:40:25-78
215
216                <category android:name="com.rcoe.autoattendance" />
216-->[com.google.firebase:firebase-iid:12.0.1] AndroidManifest.xml:42:17-61
216-->[com.google.firebase:firebase-iid:12.0.1] AndroidManifest.xml:42:27-58
217            </intent-filter>
218        </receiver>
219        <!--
220             FirebaseInstanceIdService performs security checks at runtime,
221             no need for explicit permissions despite exported="true"
222        -->
223        <service
223-->[com.google.firebase:firebase-iid:12.0.1] AndroidManifest.xml:50:9-56:19
224            android:name="com.google.firebase.iid.FirebaseInstanceIdService"
224-->[com.google.firebase:firebase-iid:12.0.1] AndroidManifest.xml:51:13-77
225            android:exported="true" >
225-->[com.google.firebase:firebase-iid:12.0.1] AndroidManifest.xml:52:13-36
226            <intent-filter android:priority="-500" >
226-->[com.google.firebase:firebase-iid:12.0.1] AndroidManifest.xml:53:13-55:29
226-->[com.google.firebase:firebase-iid:12.0.1] AndroidManifest.xml:53:28-51
227                <action android:name="com.google.firebase.INSTANCE_ID_EVENT" />
227-->[com.google.firebase:firebase-iid:12.0.1] AndroidManifest.xml:54:17-80
227-->[com.google.firebase:firebase-iid:12.0.1] AndroidManifest.xml:54:25-77
228            </intent-filter>
229        </service>
230
231        <provider
231-->[com.google.firebase:firebase-common:12.0.1] AndroidManifest.xml:8:9-12:39
232            android:name="com.google.firebase.provider.FirebaseInitProvider"
232-->[com.google.firebase:firebase-common:12.0.1] AndroidManifest.xml:9:13-77
233            android:authorities="com.rcoe.autoattendance.firebaseinitprovider"
233-->[com.google.firebase:firebase-common:12.0.1] AndroidManifest.xml:10:13-72
234            android:exported="false"
234-->[com.google.firebase:firebase-common:12.0.1] AndroidManifest.xml:11:13-37
235            android:initOrder="100" />
235-->[com.google.firebase:firebase-common:12.0.1] AndroidManifest.xml:12:13-36
236
237        <meta-data
237-->[com.google.android.gms:play-services-basement:12.0.1] AndroidManifest.xml:23:9-25:69
238            android:name="com.google.android.gms.version"
238-->[com.google.android.gms:play-services-basement:12.0.1] AndroidManifest.xml:24:13-58
239            android:value="@integer/google_play_services_version" />
239-->[com.google.android.gms:play-services-basement:12.0.1] AndroidManifest.xml:25:13-66
240        <meta-data
240-->[android.arch.lifecycle:runtime:1.0.0] AndroidManifest.xml:25:9-27:47
241            android:name="android.arch.lifecycle.VERSION"
241-->[android.arch.lifecycle:runtime:1.0.0] AndroidManifest.xml:26:13-58
242            android:value="27.0.0-SNAPSHOT" />
242-->[android.arch.lifecycle:runtime:1.0.0] AndroidManifest.xml:27:13-44
243    </application>
244
245</manifest>